<?xml version="1.0" encoding="UTF-8"?>
<!-- Generated by org.testng.reporters.JUnitReportReporter -->
<testsuite hostname="macbook-pro-constantine.home" failures="0" tests="4" name="tests.categoryList.positive.CategoryListTest" time="13.841" errors="0" timestamp="2022-03-13T16:55:35 CET" skipped="0">
  <testcase classname="tests.categoryList.positive.CategoryListTest" name="checkTheNumberOfCatalogButtons" time="3.597"/>
  <system-out/>
  <testcase classname="tests.categoryList.positive.CategoryListTest" name="checkRedirectingToCatalogPage" time="2.375"/>
  <system-out/>
  <testcase classname="tests.categoryList.positive.CategoryListTest" name="checkRedirectingToAppleProductPage" time="3.269"/>
  <system-out/>
  <testcase classname="tests.categoryList.positive.CategoryListTest" name="checkRedirectingToXiaomiProductPage" time="4.600"/>
  <system-out/>
</testsuite> <!-- tests.categoryList.positive.CategoryListTest -->
